2017-10-12 14:47:32	Begin backup package!
2017-10-12 14:47:32	Begin package!
2017-10-12 14:47:43	Replace jdbc.drive= sucess!
2017-10-12 14:47:43	Replace jdbc.url= sucess!
2017-10-12 14:47:43	Replace jdbc.username= sucess!
2017-10-12 14:47:43	Replace jdbc.password= sucess!
2017-10-12 14:47:43	Replace redis.node1.host= sucess!
2017-10-12 14:47:43	Replace redis.node1.port= sucess!
2017-10-12 14:47:43	Replace redis.node2.host= sucess!
2017-10-12 14:47:43	Replace redis.node2.port= sucess!
2017-10-12 14:47:43	Replace redis.node3.host= sucess!
2017-10-12 14:47:43	Replace redis.node3.port= sucess!
2017-10-12 14:47:43	Replace <producerConfig sucess!
2017-10-12 14:47:43	Begin install!
2017-10-12 14:47:43	Begin stop peoject!
2017-10-12 16:10:14	Begin backup package!
2017-10-12 16:10:14	Begin package!
2017-10-12 16:10:24	Replace jdbc.drive= sucess!
2017-10-12 16:10:24	Replace jdbc.url= sucess!
2017-10-12 16:10:24	Replace jdbc.username= sucess!
2017-10-12 16:10:24	Replace jdbc.password= sucess!
2017-10-12 16:10:24	Replace redis.node1.host= sucess!
2017-10-12 16:10:24	Replace redis.node1.port= sucess!
2017-10-12 16:10:24	Replace redis.node2.host= sucess!
2017-10-12 16:10:24	Replace redis.node2.port= sucess!
2017-10-12 16:10:24	Replace redis.node3.host= sucess!
2017-10-12 16:10:24	Replace redis.node3.port= sucess!
2017-10-12 16:10:24	Replace <producerConfig sucess!
2017-10-12 16:10:24	Begin install!
2017-10-12 16:10:24	Begin stop peoject!
2017-10-12 16:35:29	Begin backup package!
2017-10-12 16:35:29	Begin package!
2017-10-12 16:35:37	Replace jdbc.drive= sucess!
2017-10-12 16:35:37	Replace jdbc.url= sucess!
2017-10-12 16:35:37	Replace jdbc.username= sucess!
2017-10-12 16:35:37	Replace jdbc.password= sucess!
2017-10-12 16:35:37	Replace redis.node1.host= sucess!
2017-10-12 16:35:37	Replace redis.node1.port= sucess!
2017-10-12 16:35:37	Replace redis.node2.host= sucess!
2017-10-12 16:35:37	Replace redis.node2.port= sucess!
2017-10-12 16:35:37	Replace redis.node3.host= sucess!
2017-10-12 16:35:37	Replace redis.node3.port= sucess!
2017-10-12 16:35:37	Replace <producerConfig sucess!
2017-10-12 16:35:37	Begin install!
2017-10-12 16:35:37	Begin stop peoject!
2017-10-12 16:50:35	Begin backup package!
2017-10-12 16:50:35	Begin package!
2017-10-12 16:50:44	Replace jdbc.drive= sucess!
2017-10-12 16:50:44	Replace jdbc.url= sucess!
2017-10-12 16:50:44	Replace jdbc.username= sucess!
2017-10-12 16:50:44	Replace jdbc.password= sucess!
2017-10-12 16:50:44	Replace redis.node1.host= sucess!
2017-10-12 16:50:44	Replace redis.node1.port= sucess!
2017-10-12 16:50:44	Replace redis.node2.host= sucess!
2017-10-12 16:50:44	Replace redis.node2.port= sucess!
2017-10-12 16:50:44	Replace redis.node3.host= sucess!
2017-10-12 16:50:44	Replace redis.node3.port= sucess!
2017-10-12 16:50:44	Replace <producerConfig sucess!
2017-10-12 16:50:44	Begin install!
2017-10-12 16:50:44	Begin stop peoject!
2017-10-12 16:56:59	Begin backup package!
2017-10-12 16:56:59	Begin package!
2017-10-12 16:57:07	Replace jdbc.drive= sucess!
2017-10-12 16:57:07	Replace jdbc.url= sucess!
2017-10-12 16:57:07	Replace jdbc.username= sucess!
2017-10-12 16:57:07	Replace jdbc.password= sucess!
2017-10-12 16:57:07	Replace redis.node1.host= sucess!
2017-10-12 16:57:07	Replace redis.node1.port= sucess!
2017-10-12 16:57:07	Replace redis.node2.host= sucess!
2017-10-12 16:57:07	Replace redis.node2.port= sucess!
2017-10-12 16:57:07	Replace redis.node3.host= sucess!
2017-10-12 16:57:07	Replace redis.node3.port= sucess!
2017-10-12 16:57:07	Replace <producerConfig sucess!
2017-10-12 16:57:07	Begin install!
2017-10-12 16:57:07	Begin stop peoject!
2017-10-12 17:20:15	Begin backup package!
2017-10-12 17:20:15	Begin package!
2017-10-12 17:20:25	Replace jdbc.drive= sucess!
2017-10-12 17:20:25	Replace jdbc.url= sucess!
2017-10-12 17:20:25	Replace jdbc.username= sucess!
2017-10-12 17:20:25	Replace jdbc.password= sucess!
2017-10-12 17:20:25	Replace redis.node1.host= sucess!
2017-10-12 17:20:25	Replace redis.node1.port= sucess!
2017-10-12 17:20:25	Replace redis.node2.host= sucess!
2017-10-12 17:20:25	Replace redis.node2.port= sucess!
2017-10-12 17:20:25	Replace redis.node3.host= sucess!
2017-10-12 17:20:25	Replace redis.node3.port= sucess!
2017-10-12 17:20:25	Replace <producerConfig sucess!
2017-10-12 17:20:25	Begin install!
2017-10-12 17:20:25	Begin stop peoject!
2017-10-12 17:44:49	Begin backup package!
2017-10-12 17:44:49	Begin package!
2017-10-12 17:44:58	Replace jdbc.drive= sucess!
2017-10-12 17:44:58	Replace jdbc.url= sucess!
2017-10-12 17:44:58	Replace jdbc.username= sucess!
2017-10-12 17:44:58	Replace jdbc.password= sucess!
2017-10-12 17:44:58	Replace redis.node1.host= sucess!
2017-10-12 17:44:58	Replace redis.node1.port= sucess!
2017-10-12 17:44:58	Replace redis.node2.host= sucess!
2017-10-12 17:44:58	Replace redis.node2.port= sucess!
2017-10-12 17:44:58	Replace redis.node3.host= sucess!
2017-10-12 17:44:59	Replace redis.node3.port= sucess!
2017-10-12 17:44:59	Replace <producerConfig sucess!
2017-10-12 17:44:59	Begin install!
2017-10-12 17:44:59	Begin stop peoject!
2017-10-12 17:53:19	Begin backup package!
2017-10-12 17:53:19	Begin package!
2017-10-12 17:53:27	Replace jdbc.drive= sucess!
2017-10-12 17:53:27	Replace jdbc.url= sucess!
2017-10-12 17:53:27	Replace jdbc.username= sucess!
2017-10-12 17:53:27	Replace jdbc.password= sucess!
2017-10-12 17:53:27	Replace redis.node1.host= sucess!
2017-10-12 17:53:27	Replace redis.node1.port= sucess!
2017-10-12 17:53:27	Replace redis.node2.host= sucess!
2017-10-12 17:53:27	Replace redis.node2.port= sucess!
2017-10-12 17:53:27	Replace redis.node3.host= sucess!
2017-10-12 17:53:27	Replace redis.node3.port= sucess!
2017-10-12 17:53:27	Replace <producerConfig sucess!
2017-10-12 17:53:27	Begin install!
2017-10-12 17:53:27	Begin stop peoject!
2017-10-12 18:00:41	Begin backup package!
2017-10-12 18:00:41	Begin package!
2017-10-12 18:00:51	Replace jdbc.drive= sucess!
2017-10-12 18:00:51	Replace jdbc.url= sucess!
2017-10-12 18:00:51	Replace jdbc.username= sucess!
2017-10-12 18:00:51	Replace jdbc.password= sucess!
2017-10-12 18:00:51	Replace redis.node1.host= sucess!
2017-10-12 18:00:51	Replace redis.node1.port= sucess!
2017-10-12 18:00:51	Replace redis.node2.host= sucess!
2017-10-12 18:00:51	Replace redis.node2.port= sucess!
2017-10-12 18:00:51	Replace redis.node3.host= sucess!
2017-10-12 18:00:51	Replace redis.node3.port= sucess!
2017-10-12 18:00:51	Replace <producerConfig sucess!
2017-10-12 18:00:51	Begin install!
2017-10-12 18:00:51	Begin stop peoject!
2017-10-12 18:02:14	Begin backup package!
2017-10-12 18:02:14	Begin package!
2017-10-12 18:02:24	Replace jdbc.drive= sucess!
2017-10-12 18:02:24	Replace jdbc.url= sucess!
2017-10-12 18:02:24	Replace jdbc.username= sucess!
2017-10-12 18:02:24	Replace jdbc.password= sucess!
2017-10-12 18:02:24	Replace redis.node1.host= sucess!
2017-10-12 18:02:24	Replace redis.node1.port= sucess!
2017-10-12 18:02:24	Replace redis.node2.host= sucess!
2017-10-12 18:02:24	Replace redis.node2.port= sucess!
2017-10-12 18:02:24	Replace redis.node3.host= sucess!
2017-10-12 18:02:24	Replace redis.node3.port= sucess!
2017-10-12 18:02:24	Replace <producerConfig sucess!
2017-10-12 18:02:24	Begin install!
2017-10-12 18:02:24	Begin stop peoject!
2017-10-12 18:04:03	Begin backup package!
2017-10-12 18:04:03	Begin package!
2017-10-12 18:04:13	Replace jdbc.drive= sucess!
2017-10-12 18:04:13	Replace jdbc.url= sucess!
2017-10-12 18:04:13	Replace jdbc.username= sucess!
2017-10-12 18:04:13	Replace jdbc.password= sucess!
2017-10-12 18:04:13	Replace redis.node1.host= sucess!
2017-10-12 18:04:13	Replace redis.node1.port= sucess!
2017-10-12 18:04:13	Replace redis.node2.host= sucess!
2017-10-12 18:04:13	Replace redis.node2.port= sucess!
2017-10-12 18:04:13	Replace redis.node3.host= sucess!
2017-10-12 18:04:13	Replace redis.node3.port= sucess!
2017-10-12 18:04:13	Replace <producerConfig sucess!
2017-10-12 18:04:13	Begin install!
2017-10-12 18:04:13	Begin stop peoject!
2017-10-12 18:07:21	Begin backup package!
2017-10-12 18:07:21	Begin package!
2017-10-12 18:07:32	Replace jdbc.drive= sucess!
2017-10-12 18:07:32	Replace jdbc.url= sucess!
2017-10-12 18:07:32	Replace jdbc.username= sucess!
2017-10-12 18:07:32	Replace jdbc.password= sucess!
2017-10-12 18:07:32	Replace redis.node1.host= sucess!
2017-10-12 18:07:32	Replace redis.node1.port= sucess!
2017-10-12 18:07:32	Replace redis.node2.host= sucess!
2017-10-12 18:07:32	Replace redis.node2.port= sucess!
2017-10-12 18:07:32	Replace redis.node3.host= sucess!
2017-10-12 18:07:32	Replace redis.node3.port= sucess!
2017-10-12 18:07:32	Replace <producerConfig sucess!
2017-10-12 18:07:32	Begin install!
2017-10-12 18:07:32	Begin stop peoject!
2017-10-12 18:11:35	Begin backup package!
2017-10-12 18:11:35	Begin package!
2017-10-12 18:11:45	Replace jdbc.drive= sucess!
2017-10-12 18:11:45	Replace jdbc.url= sucess!
2017-10-12 18:11:45	Replace jdbc.username= sucess!
2017-10-12 18:11:45	Replace jdbc.password= sucess!
2017-10-12 18:11:45	Replace redis.node1.host= sucess!
2017-10-12 18:11:45	Replace redis.node1.port= sucess!
2017-10-12 18:11:45	Replace redis.node2.host= sucess!
2017-10-12 18:11:45	Replace redis.node2.port= sucess!
2017-10-12 18:11:45	Replace redis.node3.host= sucess!
2017-10-12 18:11:45	Replace redis.node3.port= sucess!
2017-10-12 18:11:45	Replace <producerConfig sucess!
2017-10-12 18:11:45	Begin install!
2017-10-12 18:11:45	Begin stop peoject!
2017-10-12 18:17:47	Begin backup package!
2017-10-12 18:17:47	Begin package!
2017-10-12 18:17:58	Replace jdbc.drive= sucess!
2017-10-12 18:17:58	Replace jdbc.url= sucess!
2017-10-12 18:17:58	Replace jdbc.username= sucess!
2017-10-12 18:17:58	Replace jdbc.password= sucess!
2017-10-12 18:17:58	Replace redis.node1.host= sucess!
2017-10-12 18:17:58	Replace redis.node1.port= sucess!
2017-10-12 18:17:58	Replace redis.node2.host= sucess!
2017-10-12 18:17:58	Replace redis.node2.port= sucess!
2017-10-12 18:17:58	Replace redis.node3.host= sucess!
2017-10-12 18:17:58	Replace redis.node3.port= sucess!
2017-10-12 18:17:58	Replace <producerConfig sucess!
2017-10-12 18:17:58	Begin install!
2017-10-12 18:17:58	Begin stop peoject!
2017-10-12 18:19:52	Begin backup package!
2017-10-12 18:19:52	Begin package!
2017-10-12 18:20:02	Replace jdbc.drive= sucess!
2017-10-12 18:20:02	Replace jdbc.url= sucess!
2017-10-12 18:20:02	Replace jdbc.username= sucess!
2017-10-12 18:20:02	Replace jdbc.password= sucess!
2017-10-12 18:20:02	Replace redis.node1.host= sucess!
2017-10-12 18:20:02	Replace redis.node1.port= sucess!
2017-10-12 18:20:02	Replace redis.node2.host= sucess!
2017-10-12 18:20:02	Replace redis.node2.port= sucess!
2017-10-12 18:20:02	Replace redis.node3.host= sucess!
2017-10-12 18:20:02	Replace redis.node3.port= sucess!
2017-10-12 18:20:02	Replace <producerConfig sucess!
2017-10-12 18:20:02	Begin install!
2017-10-12 18:20:02	Begin stop peoject!
2017-10-12 18:34:29	Begin backup package!
2017-10-12 18:34:29	Begin package!
2017-10-12 18:34:39	Replace jdbc.drive= sucess!
2017-10-12 18:34:39	Replace jdbc.url= sucess!
2017-10-12 18:34:39	Replace jdbc.username= sucess!
2017-10-12 18:34:39	Replace jdbc.password= sucess!
2017-10-12 18:34:39	Replace redis.node1.host= sucess!
2017-10-12 18:34:39	Replace redis.node1.port= sucess!
2017-10-12 18:34:39	Replace redis.node2.host= sucess!
2017-10-12 18:34:39	Replace redis.node2.port= sucess!
2017-10-12 18:34:39	Replace redis.node3.host= sucess!
2017-10-12 18:34:39	Replace redis.node3.port= sucess!
2017-10-12 18:34:39	Replace <producerConfig sucess!
2017-10-12 18:34:39	Begin install!
2017-10-12 18:34:39	Begin stop peoject!
2017-10-12 18:40:07	Begin backup package!
2017-10-12 18:40:07	Begin package!
2017-10-12 18:40:17	Replace jdbc.drive= sucess!
2017-10-12 18:40:17	Replace jdbc.url= sucess!
2017-10-12 18:40:17	Replace jdbc.username= sucess!
2017-10-12 18:40:17	Replace jdbc.password= sucess!
2017-10-12 18:40:17	Replace redis.node1.host= sucess!
2017-10-12 18:40:17	Replace redis.node1.port= sucess!
2017-10-12 18:40:17	Replace redis.node2.host= sucess!
2017-10-12 18:40:17	Replace redis.node2.port= sucess!
2017-10-12 18:40:17	Replace redis.node3.host= sucess!
2017-10-12 18:40:17	Replace redis.node3.port= sucess!
2017-10-12 18:40:17	Replace <producerConfig sucess!
2017-10-12 18:40:17	Begin install!
2017-10-12 18:40:17	Begin stop peoject!
2017-10-12 18:42:56	Begin backup package!
2017-10-12 18:42:56	Begin package!
2017-10-12 18:43:08	Replace jdbc.drive= sucess!
2017-10-12 18:43:08	Replace jdbc.url= sucess!
2017-10-12 18:43:08	Replace jdbc.username= sucess!
2017-10-12 18:43:08	Replace jdbc.password= sucess!
2017-10-12 18:43:08	Replace redis.node1.host= sucess!
2017-10-12 18:43:08	Replace redis.node1.port= sucess!
2017-10-12 18:43:08	Replace redis.node2.host= sucess!
2017-10-12 18:43:08	Replace redis.node2.port= sucess!
2017-10-12 18:43:08	Replace redis.node3.host= sucess!
2017-10-12 18:43:08	Replace redis.node3.port= sucess!
2017-10-12 18:43:08	Replace <producerConfig sucess!
2017-10-12 18:43:08	Begin install!
2017-10-12 18:43:08	Begin stop peoject!
2017-10-12 18:48:08	Begin backup package!
2017-10-12 18:48:08	Begin package!
2017-10-12 18:48:19	Replace jdbc.drive= sucess!
2017-10-12 18:48:19	Replace jdbc.url= sucess!
2017-10-12 18:48:19	Replace jdbc.username= sucess!
2017-10-12 18:48:19	Replace jdbc.password= sucess!
2017-10-12 18:48:19	Replace redis.node1.host= sucess!
2017-10-12 18:48:19	Replace redis.node1.port= sucess!
2017-10-12 18:48:19	Replace redis.node2.host= sucess!
2017-10-12 18:48:19	Replace redis.node2.port= sucess!
2017-10-12 18:48:19	Replace redis.node3.host= sucess!
2017-10-12 18:48:19	Replace redis.node3.port= sucess!
2017-10-12 18:48:19	Replace <producerConfig sucess!
2017-10-12 18:48:19	Begin install!
2017-10-12 18:48:19	Begin stop peoject!
