2017-09-25 16:00:41	Replace jdbc.drive= sucess!
2017-09-25 16:00:41	Replace jdbc.url= sucess!
2017-09-25 16:00:41	Replace jdbc.username= sucess!
2017-09-25 16:00:41	Replace jdbc.password= sucess!
2017-09-25 16:00:41	Replace redis.node1.host= sucess!
2017-09-25 16:00:41	Replace redis.node1.port= sucess!
2017-09-25 16:00:41	Replace redis.node2.host= sucess!
2017-09-25 16:00:41	Replace redis.node2.port= sucess!
2017-09-25 16:00:41	Replace redis.node3.host= sucess!
2017-09-25 16:00:41	Replace redis.node3.port= sucess!
2017-09-25 16:00:41	Replace <producerConfig sucess!
2017-09-25 16:02:00	Replace jdbc.drive= sucess!
2017-09-25 16:02:00	Replace jdbc.url= sucess!
2017-09-25 16:02:00	Replace jdbc.username= sucess!
2017-09-25 16:02:00	Replace jdbc.password= sucess!
2017-09-25 16:02:00	Replace redis.node1.host= sucess!
2017-09-25 16:02:00	Replace redis.node1.port= sucess!
2017-09-25 16:02:00	Replace redis.node2.host= sucess!
2017-09-25 16:02:00	Replace redis.node2.port= sucess!
2017-09-25 16:02:00	Replace redis.node3.host= sucess!
2017-09-25 16:02:00	Replace redis.node3.port= sucess!
2017-09-25 16:02:00	Replace <producerConfig sucess!
2017-09-25 16:09:25	Replace jdbc.drive= sucess!
2017-09-25 16:09:25	Replace jdbc.url= sucess!
2017-09-25 16:09:25	Replace jdbc.username= sucess!
2017-09-25 16:09:25	Replace jdbc.password= sucess!
2017-09-25 16:09:25	Replace redis.node1.host= sucess!
2017-09-25 16:09:25	Replace redis.node1.port= sucess!
2017-09-25 16:09:25	Replace redis.node2.host= sucess!
2017-09-25 16:09:25	Replace redis.node2.port= sucess!
2017-09-25 16:09:25	Replace redis.node3.host= sucess!
2017-09-25 16:09:25	Replace redis.node3.port= sucess!
2017-09-25 16:09:25	Replace <producerConfig sucess!
2017-09-25 16:09:25	Begin install!
2017-09-25 16:09:25	Begin stop peoject!
2017-09-25 16:09:25	userCenter did not stopped!
2017-09-25 16:26:28	Replace jdbc.drive= sucess!
2017-09-25 16:26:28	Replace jdbc.url= sucess!
2017-09-25 16:26:28	Replace jdbc.username= sucess!
2017-09-25 16:26:28	Replace jdbc.password= sucess!
2017-09-25 16:26:28	Replace redis.node1.host= sucess!
2017-09-25 16:26:28	Replace redis.node1.port= sucess!
2017-09-25 16:26:28	Replace redis.node2.host= sucess!
2017-09-25 16:26:28	Replace redis.node2.port= sucess!
2017-09-25 16:26:28	Replace redis.node3.host= sucess!
2017-09-25 16:26:28	Replace redis.node3.port= sucess!
2017-09-25 16:26:28	Replace <producerConfig sucess!
2017-09-25 16:26:28	Begin install!
2017-09-25 16:26:28	Begin stop peoject!
2017-09-25 16:27:35	Replace jdbc.drive= sucess!
2017-09-25 16:27:35	Replace jdbc.url= sucess!
2017-09-25 16:27:35	Replace jdbc.username= sucess!
2017-09-25 16:27:35	Replace jdbc.password= sucess!
2017-09-25 16:27:35	Replace redis.node1.host= sucess!
2017-09-25 16:27:35	Replace redis.node1.port= sucess!
2017-09-25 16:27:35	Replace redis.node2.host= sucess!
2017-09-25 16:27:35	Replace redis.node2.port= sucess!
2017-09-25 16:27:35	Replace redis.node3.host= sucess!
2017-09-25 16:27:35	Replace redis.node3.port= sucess!
2017-09-25 16:27:35	Replace <producerConfig sucess!
2017-09-25 16:27:35	Begin install!
2017-09-25 16:27:35	Begin stop peoject!
2017-09-25 16:51:59	Replace jdbc.drive= sucess!
2017-09-25 16:51:59	Replace jdbc.url= sucess!
2017-09-25 16:51:59	Replace jdbc.username= sucess!
2017-09-25 16:51:59	Replace jdbc.password= sucess!
2017-09-25 16:51:59	Replace redis.node1.host= sucess!
2017-09-25 16:51:59	Replace redis.node1.port= sucess!
2017-09-25 16:51:59	Replace redis.node2.host= sucess!
2017-09-25 16:51:59	Replace redis.node2.port= sucess!
2017-09-25 16:51:59	Replace redis.node3.host= sucess!
2017-09-25 16:51:59	Replace redis.node3.port= sucess!
2017-09-25 16:51:59	Replace <producerConfig sucess!
2017-09-25 16:51:59	Begin install!
2017-09-25 16:51:59	Begin stop peoject!
2017-09-25 17:00:41	Replace jdbc.drive= sucess!
2017-09-25 17:00:41	Replace jdbc.url= sucess!
2017-09-25 17:00:41	Replace jdbc.username= sucess!
2017-09-25 17:00:41	Replace jdbc.password= sucess!
2017-09-25 17:00:41	Replace redis.node1.host= sucess!
2017-09-25 17:00:41	Replace redis.node1.port= sucess!
2017-09-25 17:00:41	Replace redis.node2.host= sucess!
2017-09-25 17:00:41	Replace redis.node2.port= sucess!
2017-09-25 17:00:41	Replace redis.node3.host= sucess!
2017-09-25 17:00:41	Replace redis.node3.port= sucess!
2017-09-25 17:00:41	Replace <producerConfig sucess!
2017-09-25 17:00:41	Begin install!
2017-09-25 17:00:41	Begin stop peoject!
2017-09-25 17:02:27	Replace jdbc.drive= sucess!
2017-09-25 17:02:27	Replace jdbc.url= sucess!
2017-09-25 17:02:27	Replace jdbc.username= sucess!
2017-09-25 17:02:27	Replace jdbc.password= sucess!
2017-09-25 17:02:27	Replace redis.node1.host= sucess!
2017-09-25 17:02:27	Replace redis.node1.port= sucess!
2017-09-25 17:02:27	Replace redis.node2.host= sucess!
2017-09-25 17:02:27	Replace redis.node2.port= sucess!
2017-09-25 17:02:27	Replace redis.node3.host= sucess!
2017-09-25 17:02:27	Replace redis.node3.port= sucess!
2017-09-25 17:02:27	Replace <producerConfig sucess!
2017-09-25 17:02:27	Begin install!
2017-09-25 17:02:27	Begin stop peoject!
2017-09-25 17:05:33	Replace jdbc.drive= sucess!
2017-09-25 17:05:33	Replace jdbc.url= sucess!
2017-09-25 17:05:33	Replace jdbc.username= sucess!
2017-09-25 17:05:33	Replace jdbc.password= sucess!
2017-09-25 17:05:33	Replace redis.node1.host= sucess!
2017-09-25 17:05:33	Replace redis.node1.port= sucess!
2017-09-25 17:05:33	Replace redis.node2.host= sucess!
2017-09-25 17:05:33	Replace redis.node2.port= sucess!
2017-09-25 17:05:33	Replace redis.node3.host= sucess!
2017-09-25 17:05:33	Replace redis.node3.port= sucess!
2017-09-25 17:05:34	Replace <producerConfig sucess!
2017-09-25 17:05:34	Begin install!
2017-09-25 17:05:34	Begin stop peoject!
2017-09-25 17:10:31	Replace jdbc.drive= sucess!
2017-09-25 17:10:31	Replace jdbc.url= sucess!
2017-09-25 17:10:31	Replace jdbc.username= sucess!
2017-09-25 17:10:31	Replace jdbc.password= sucess!
2017-09-25 17:10:31	Replace redis.node1.host= sucess!
2017-09-25 17:10:31	Replace redis.node1.port= sucess!
2017-09-25 17:10:31	Replace redis.node2.host= sucess!
2017-09-25 17:10:31	Replace redis.node2.port= sucess!
2017-09-25 17:10:31	Replace redis.node3.host= sucess!
2017-09-25 17:10:31	Replace redis.node3.port= sucess!
2017-09-25 17:10:31	Replace <producerConfig sucess!
2017-09-25 17:10:31	Begin install!
2017-09-25 17:10:31	Begin stop peoject!
2017-09-25 17:10:57	Replace jdbc.drive= sucess!
2017-09-25 17:10:57	Replace jdbc.url= sucess!
2017-09-25 17:10:57	Replace jdbc.username= sucess!
2017-09-25 17:10:57	Replace jdbc.password= sucess!
2017-09-25 17:10:57	Replace redis.node1.host= sucess!
2017-09-25 17:10:57	Replace redis.node1.port= sucess!
2017-09-25 17:10:57	Replace redis.node2.host= sucess!
2017-09-25 17:10:57	Replace redis.node2.port= sucess!
2017-09-25 17:10:57	Replace redis.node3.host= sucess!
2017-09-25 17:10:57	Replace redis.node3.port= sucess!
2017-09-25 17:10:57	Replace <producerConfig sucess!
2017-09-25 17:10:57	Begin install!
2017-09-25 17:10:57	Begin stop peoject!
2017-09-25 17:15:44	Replace jdbc.drive= sucess!
2017-09-25 17:15:44	Replace jdbc.url= sucess!
2017-09-25 17:15:44	Replace jdbc.username= sucess!
2017-09-25 17:15:44	Replace jdbc.password= sucess!
2017-09-25 17:15:44	Replace redis.node1.host= sucess!
2017-09-25 17:15:44	Replace redis.node1.port= sucess!
2017-09-25 17:15:44	Replace redis.node2.host= sucess!
2017-09-25 17:15:44	Replace redis.node2.port= sucess!
2017-09-25 17:15:44	Replace redis.node3.host= sucess!
2017-09-25 17:15:44	Replace redis.node3.port= sucess!
2017-09-25 17:15:44	Replace <producerConfig sucess!
2017-09-25 17:15:44	Begin install!
2017-09-25 17:15:44	Begin stop peoject!
2017-09-25 17:17:39	Replace jdbc.drive= sucess!
2017-09-25 17:17:39	Replace jdbc.url= sucess!
2017-09-25 17:17:39	Replace jdbc.username= sucess!
2017-09-25 17:17:39	Replace jdbc.password= sucess!
2017-09-25 17:17:39	Replace redis.node1.host= sucess!
2017-09-25 17:17:39	Replace redis.node1.port= sucess!
2017-09-25 17:17:39	Replace redis.node2.host= sucess!
2017-09-25 17:17:39	Replace redis.node2.port= sucess!
2017-09-25 17:17:39	Replace redis.node3.host= sucess!
2017-09-25 17:17:39	Replace redis.node3.port= sucess!
2017-09-25 17:17:39	Replace <producerConfig sucess!
2017-09-25 17:17:39	Begin install!
2017-09-25 17:17:39	Begin stop peoject!
