2017-10-09 15:05:56	Replace jdbc.drive= sucess!
2017-10-09 15:05:56	Replace jdbc.url= sucess!
2017-10-09 15:05:56	Replace jdbc.username= sucess!
2017-10-09 15:05:56	Replace jdbc.password= sucess!
2017-10-09 15:05:56	Replace redis.node1.host= sucess!
2017-10-09 15:05:56	Replace redis.node1.port= sucess!
2017-10-09 15:05:56	Replace redis.node2.host= sucess!
2017-10-09 15:05:56	Replace redis.node2.port= sucess!
2017-10-09 15:05:56	Replace redis.node3.host= sucess!
2017-10-09 15:05:56	Replace redis.node3.port= sucess!
2017-10-09 15:05:56	Replace <producerConfig sucess!
2017-10-09 15:05:56	Begin backup package!
2017-10-09 15:05:56	Begin package!
2017-10-09 15:06:03	Begin install!
2017-10-09 15:06:03	Begin stop peoject!
2017-10-09 15:13:11	Replace jdbc.drive= sucess!
2017-10-09 15:13:11	Replace jdbc.url= sucess!
2017-10-09 15:13:11	Replace jdbc.username= sucess!
2017-10-09 15:13:11	Replace jdbc.password= sucess!
2017-10-09 15:13:11	Replace redis.node1.host= sucess!
2017-10-09 15:13:11	Replace redis.node1.port= sucess!
2017-10-09 15:13:11	Replace redis.node2.host= sucess!
2017-10-09 15:13:11	Replace redis.node2.port= sucess!
2017-10-09 15:13:11	Replace redis.node3.host= sucess!
2017-10-09 15:13:11	Replace redis.node3.port= sucess!
2017-10-09 15:13:11	Replace <producerConfig sucess!
2017-10-09 15:13:11	Begin backup package!
2017-10-09 15:13:11	Begin package!
2017-10-09 15:13:18	Begin install!
2017-10-09 15:13:18	Begin stop peoject!
2017-10-09 15:27:21	Begin backup package!
2017-10-09 15:27:21	Begin package!
2017-10-09 15:27:29	Replace jdbc.drive= sucess!
2017-10-09 15:27:29	Replace jdbc.url= sucess!
2017-10-09 15:27:29	Replace jdbc.username= sucess!
2017-10-09 15:27:29	Replace jdbc.password= sucess!
2017-10-09 15:27:29	Replace redis.node1.host= sucess!
2017-10-09 15:27:29	Replace redis.node1.port= sucess!
2017-10-09 15:27:29	Replace redis.node2.host= sucess!
2017-10-09 15:27:29	Replace redis.node2.port= sucess!
2017-10-09 15:27:29	Replace redis.node3.host= sucess!
2017-10-09 15:27:29	Replace redis.node3.port= sucess!
2017-10-09 15:27:29	Replace <producerConfig sucess!
2017-10-09 15:27:29	Begin install!
2017-10-09 15:27:29	Begin stop peoject!
2017-10-09 17:17:11	Begin backup package!
2017-10-09 17:17:11	Begin package!
2017-10-09 17:17:19	Replace jdbc.drive= sucess!
2017-10-09 17:17:19	Replace jdbc.url= sucess!
2017-10-09 17:17:19	Replace jdbc.username= sucess!
2017-10-09 17:17:19	Replace jdbc.password= sucess!
2017-10-09 17:17:19	Replace redis.node1.host= sucess!
2017-10-09 17:17:19	Replace redis.node1.port= sucess!
2017-10-09 17:17:19	Replace redis.node2.host= sucess!
2017-10-09 17:17:19	Replace redis.node2.port= sucess!
2017-10-09 17:17:19	Replace redis.node3.host= sucess!
2017-10-09 17:17:19	Replace redis.node3.port= sucess!
2017-10-09 17:17:19	Replace <producerConfig sucess!
2017-10-09 17:17:19	Begin install!
2017-10-09 17:17:19	Begin stop peoject!
