2017-10-10 10:15:47	Begin backup package!
2017-10-10 10:15:47	Begin package!
2017-10-10 10:15:55	Replace jdbc.drive= sucess!
2017-10-10 10:15:55	Replace jdbc.url= sucess!
2017-10-10 10:15:55	Replace jdbc.username= sucess!
2017-10-10 10:15:55	Replace jdbc.password= sucess!
2017-10-10 10:15:55	Replace redis.node1.host= sucess!
2017-10-10 10:15:55	Replace redis.node1.port= sucess!
2017-10-10 10:15:55	Replace redis.node2.host= sucess!
2017-10-10 10:15:55	Replace redis.node2.port= sucess!
2017-10-10 10:15:55	Replace redis.node3.host= sucess!
2017-10-10 10:15:55	Replace redis.node3.port= sucess!
2017-10-10 10:15:55	Replace <producerConfig sucess!
2017-10-10 10:15:55	Begin install!
2017-10-10 10:15:55	Begin stop peoject!
2017-10-10 10:28:04	Begin backup package!
2017-10-10 10:28:04	Begin package!
2017-10-10 10:28:12	Replace jdbc.drive= sucess!
2017-10-10 10:28:12	Replace jdbc.url= sucess!
2017-10-10 10:28:12	Replace jdbc.username= sucess!
2017-10-10 10:28:12	Replace jdbc.password= sucess!
2017-10-10 10:28:12	Replace redis.node1.host= sucess!
2017-10-10 10:28:12	Replace redis.node1.port= sucess!
2017-10-10 10:28:12	Replace redis.node2.host= sucess!
2017-10-10 10:28:12	Replace redis.node2.port= sucess!
2017-10-10 10:28:12	Replace redis.node3.host= sucess!
2017-10-10 10:28:12	Replace redis.node3.port= sucess!
2017-10-10 10:28:12	Replace <producerConfig sucess!
2017-10-10 10:28:12	Begin install!
2017-10-10 10:28:12	Begin stop peoject!
2017-10-10 10:28:57	Begin backup package!
2017-10-10 10:28:57	Begin package!
2017-10-10 10:29:06	Replace jdbc.drive= sucess!
2017-10-10 10:29:06	Replace jdbc.url= sucess!
2017-10-10 10:29:06	Replace jdbc.username= sucess!
2017-10-10 10:29:06	Replace jdbc.password= sucess!
2017-10-10 10:29:06	Replace redis.node1.host= sucess!
2017-10-10 10:29:06	Replace redis.node1.port= sucess!
2017-10-10 10:29:06	Replace redis.node2.host= sucess!
2017-10-10 10:29:06	Replace redis.node2.port= sucess!
2017-10-10 10:29:06	Replace redis.node3.host= sucess!
2017-10-10 10:29:06	Replace redis.node3.port= sucess!
2017-10-10 10:29:06	Replace <producerConfig sucess!
2017-10-10 10:29:06	Begin install!
2017-10-10 10:29:06	Begin stop peoject!
2017-10-10 10:37:01	Begin backup package!
2017-10-10 10:37:01	Begin package!
2017-10-10 10:37:09	Replace jdbc.drive= sucess!
2017-10-10 10:37:09	Replace jdbc.url= sucess!
2017-10-10 10:37:09	Replace jdbc.username= sucess!
2017-10-10 10:37:09	Replace jdbc.password= sucess!
2017-10-10 10:37:09	Replace redis.node1.host= sucess!
2017-10-10 10:37:09	Replace redis.node1.port= sucess!
2017-10-10 10:37:09	Replace redis.node2.host= sucess!
2017-10-10 10:37:09	Replace redis.node2.port= sucess!
2017-10-10 10:37:09	Replace redis.node3.host= sucess!
2017-10-10 10:37:09	Replace redis.node3.port= sucess!
2017-10-10 10:37:09	Replace <producerConfig sucess!
2017-10-10 10:37:09	Begin install!
2017-10-10 10:37:09	Begin stop peoject!
2017-10-10 10:40:37	Begin backup package!
2017-10-10 10:40:37	Begin package!
2017-10-10 10:40:45	Replace jdbc.drive= sucess!
2017-10-10 10:40:45	Replace jdbc.url= sucess!
2017-10-10 10:40:45	Replace jdbc.username= sucess!
2017-10-10 10:40:45	Replace jdbc.password= sucess!
2017-10-10 10:40:45	Replace redis.node1.host= sucess!
2017-10-10 10:40:45	Replace redis.node1.port= sucess!
2017-10-10 10:40:45	Replace redis.node2.host= sucess!
2017-10-10 10:40:46	Replace redis.node2.port= sucess!
2017-10-10 10:40:46	Replace redis.node3.host= sucess!
2017-10-10 10:40:46	Replace redis.node3.port= sucess!
2017-10-10 10:40:46	Replace <producerConfig sucess!
2017-10-10 10:40:46	Begin install!
2017-10-10 10:40:46	Begin stop peoject!
2017-10-10 10:41:48	Begin backup package!
2017-10-10 10:41:48	Begin package!
2017-10-10 10:41:57	Replace jdbc.drive= sucess!
2017-10-10 10:41:57	Replace jdbc.url= sucess!
2017-10-10 10:41:57	Replace jdbc.username= sucess!
2017-10-10 10:41:57	Replace jdbc.password= sucess!
2017-10-10 10:41:58	Replace redis.node1.host= sucess!
2017-10-10 10:41:58	Replace redis.node1.port= sucess!
2017-10-10 10:41:58	Replace redis.node2.host= sucess!
2017-10-10 10:41:58	Replace redis.node2.port= sucess!
2017-10-10 10:41:58	Replace redis.node3.host= sucess!
2017-10-10 10:41:58	Replace redis.node3.port= sucess!
2017-10-10 10:41:58	Replace <producerConfig sucess!
2017-10-10 10:41:58	Begin install!
2017-10-10 10:41:58	Begin stop peoject!
2017-10-10 14:02:45	Begin backup package!
2017-10-10 14:02:45	Begin package!
2017-10-10 14:02:46	Package failed!
2017-10-10 14:08:54	Begin backup package!
2017-10-10 14:08:54	Begin package!
2017-10-10 14:09:02	Replace jdbc.drive= sucess!
2017-10-10 14:09:02	Replace jdbc.url= sucess!
2017-10-10 14:09:02	Replace jdbc.username= sucess!
2017-10-10 14:09:02	Replace jdbc.password= sucess!
2017-10-10 14:09:02	Replace redis.node1.host= sucess!
2017-10-10 14:09:02	Replace redis.node1.port= sucess!
2017-10-10 14:09:02	Replace redis.node2.host= sucess!
2017-10-10 14:09:02	Replace redis.node2.port= sucess!
2017-10-10 14:09:02	Replace redis.node3.host= sucess!
2017-10-10 14:09:02	Replace redis.node3.port= sucess!
2017-10-10 14:09:02	Replace <producerConfig sucess!
2017-10-10 14:09:02	Begin install!
2017-10-10 14:09:02	Begin stop peoject!
2017-10-10 14:39:04	Begin backup package!
2017-10-10 14:39:04	Begin package!
2017-10-10 14:39:13	Replace jdbc.drive= sucess!
2017-10-10 14:39:13	Replace jdbc.url= sucess!
2017-10-10 14:39:13	Replace jdbc.username= sucess!
2017-10-10 14:39:13	Replace jdbc.password= sucess!
2017-10-10 14:39:13	Replace redis.node1.host= sucess!
2017-10-10 14:39:13	Replace redis.node1.port= sucess!
2017-10-10 14:39:13	Replace redis.node2.host= sucess!
2017-10-10 14:39:13	Replace redis.node2.port= sucess!
2017-10-10 14:39:13	Replace redis.node3.host= sucess!
2017-10-10 14:39:13	Replace redis.node3.port= sucess!
2017-10-10 14:39:13	Replace <producerConfig sucess!
2017-10-10 14:39:13	Begin install!
2017-10-10 14:39:13	Begin stop peoject!
2017-10-10 14:59:52	Begin backup package!
2017-10-10 14:59:52	Begin package!
2017-10-10 15:00:00	Replace jdbc.drive= sucess!
2017-10-10 15:00:00	Replace jdbc.url= sucess!
2017-10-10 15:00:00	Replace jdbc.username= sucess!
2017-10-10 15:00:00	Replace jdbc.password= sucess!
2017-10-10 15:00:00	Replace redis.node1.host= sucess!
2017-10-10 15:00:00	Replace redis.node1.port= sucess!
2017-10-10 15:00:00	Replace redis.node2.host= sucess!
2017-10-10 15:00:00	Replace redis.node2.port= sucess!
2017-10-10 15:00:00	Replace redis.node3.host= sucess!
2017-10-10 15:00:00	Replace redis.node3.port= sucess!
2017-10-10 15:00:00	Replace <producerConfig sucess!
2017-10-10 15:00:00	Begin install!
2017-10-10 15:00:00	Begin stop peoject!
2017-10-10 15:09:05	Begin backup package!
2017-10-10 15:09:05	Begin package!
2017-10-10 15:09:13	Replace jdbc.drive= sucess!
2017-10-10 15:09:13	Replace jdbc.url= sucess!
2017-10-10 15:09:13	Replace jdbc.username= sucess!
2017-10-10 15:09:13	Replace jdbc.password= sucess!
2017-10-10 15:09:13	Replace redis.node1.host= sucess!
2017-10-10 15:09:13	Replace redis.node1.port= sucess!
2017-10-10 15:09:13	Replace redis.node2.host= sucess!
2017-10-10 15:09:13	Replace redis.node2.port= sucess!
2017-10-10 15:09:13	Replace redis.node3.host= sucess!
2017-10-10 15:09:13	Replace redis.node3.port= sucess!
2017-10-10 15:09:13	Replace <producerConfig sucess!
2017-10-10 15:09:13	Begin install!
2017-10-10 15:09:13	Begin stop peoject!
2017-10-10 15:10:53	Begin backup package!
2017-10-10 15:10:53	Begin package!
2017-10-10 15:11:00	Replace jdbc.drive= sucess!
2017-10-10 15:11:00	Replace jdbc.url= sucess!
2017-10-10 15:11:00	Replace jdbc.username= sucess!
2017-10-10 15:11:00	Replace jdbc.password= sucess!
2017-10-10 15:11:00	Replace redis.node1.host= sucess!
2017-10-10 15:11:01	Replace redis.node1.port= sucess!
2017-10-10 15:11:01	Replace redis.node2.host= sucess!
2017-10-10 15:11:01	Replace redis.node2.port= sucess!
2017-10-10 15:11:01	Replace redis.node3.host= sucess!
2017-10-10 15:11:01	Replace redis.node3.port= sucess!
2017-10-10 15:11:01	Replace <producerConfig sucess!
2017-10-10 15:11:01	Begin install!
2017-10-10 15:11:01	Begin stop peoject!
2017-10-10 16:24:42	Begin backup package!
2017-10-10 16:24:42	Begin package!
2017-10-10 16:24:49	Replace jdbc.drive= sucess!
2017-10-10 16:24:49	Replace jdbc.url= sucess!
2017-10-10 16:24:49	Replace jdbc.username= sucess!
2017-10-10 16:24:49	Replace jdbc.password= sucess!
2017-10-10 16:24:49	Replace redis.node1.host= sucess!
2017-10-10 16:24:49	Replace redis.node1.port= sucess!
2017-10-10 16:24:49	Replace redis.node2.host= sucess!
2017-10-10 16:24:49	Replace redis.node2.port= sucess!
2017-10-10 16:24:49	Replace redis.node3.host= sucess!
2017-10-10 16:24:49	Replace redis.node3.port= sucess!
2017-10-10 16:24:49	Replace <producerConfig sucess!
2017-10-10 16:24:49	Begin install!
2017-10-10 16:24:49	Begin stop peoject!
2017-10-10 16:25:57	Begin backup package!
2017-10-10 16:25:57	Begin package!
2017-10-10 16:26:05	Replace jdbc.drive= sucess!
2017-10-10 16:26:05	Replace jdbc.url= sucess!
2017-10-10 16:26:05	Replace jdbc.username= sucess!
2017-10-10 16:26:05	Replace jdbc.password= sucess!
2017-10-10 16:26:05	Replace redis.node1.host= sucess!
2017-10-10 16:26:05	Replace redis.node1.port= sucess!
2017-10-10 16:26:05	Replace redis.node2.host= sucess!
2017-10-10 16:26:05	Replace redis.node2.port= sucess!
2017-10-10 16:26:05	Replace redis.node3.host= sucess!
2017-10-10 16:26:05	Replace redis.node3.port= sucess!
2017-10-10 16:26:05	Replace <producerConfig sucess!
2017-10-10 16:26:05	Begin install!
2017-10-10 16:26:05	Begin stop peoject!
